<?xml version="1.0" encoding="UTF-8"?>
<!-- Generated by org.testng.reporters.JUnitReportReporter -->
<testsuite skipped="0" hostname="LAPTOP-OAS5Q4RE" name="com.Tests.HomepageTest" tests="2" failures="0" timestamp="17 Mar 2021 18:44:54 GMT" time="4.006" errors="0">
  <testcase name="selectbook" time="3.423" classname="com.Tests.HomepageTest"/>
  <testcase name="AddtoCart" time="0.583" classname="com.Tests.HomepageTest"/>
</testsuite> <!-- com.Tests.HomepageTest -->
