<?xml version="1.0" encoding="UTF-8"?>
<!-- Generated by org.testng.reporters.JUnitReportReporter -->
<testsuite skipped="0" hostname="LAPTOP-OAS5Q4RE" name="com.Tests.LoginpageTest" tests="2" failures="0" timestamp="17 Mar 2021 18:44:54 GMT" time="1.273" errors="0">
  <testcase name="Login" time="1.226" classname="com.Tests.LoginpageTest"/>
  <testcase name="validateAccountid" time="0.047" classname="com.Tests.LoginpageTest"/>
</testsuite> <!-- com.Tests.LoginpageTest -->
