<?xml version="1.0" encoding="UTF-8"?>
<!-- Generated by org.testng.reporters.JUnitReportReporter -->
<testsuite skipped="0" hostname="LAPTOP-OAS5Q4RE" name="com.Tests.ShoppingcartTest" tests="2" failures="0" timestamp="17 Mar 2021 18:47:45 GMT" time="2.027" errors="0">
  <testcase name="proccessing" time="0.736" classname="com.Tests.ShoppingcartTest"/>
  <testcase name="validatesubtotal" time="1.291" classname="com.Tests.ShoppingcartTest"/>
</testsuite> <!-- com.Tests.ShoppingcartTest -->
