<?xml version="1.0" encoding="UTF-8"?>
<!-- Generated by org.testng.reporters.JUnitReportReporter -->
<testsuite skipped="0" hostname="LAPTOP-OAS5Q4RE" name="com.Tests.HomepageTest" tests="2" failures="0" timestamp="17 Mar 2021 18:47:45 GMT" time="3.541" errors="0">
  <testcase name="selectbook" time="2.753" classname="com.Tests.HomepageTest"/>
  <testcase name="AddtoCart" time="0.788" classname="com.Tests.HomepageTest"/>
</testsuite> <!-- com.Tests.HomepageTest -->
