<?xml version="1.0" encoding="UTF-8"?>
<!-- Generated by org.testng.reporters.JUnitReportReporter -->
<testsuite skipped="0" hostname="LAPTOP-OAS5Q4RE" name="com.Tests.WelcomePageTest" tests="1" failures="0" timestamp="17 Mar 2021 18:47:45 GMT" time="0.614" errors="0">
  <testcase name="welcomepageValidation" time="0.614" classname="com.Tests.WelcomePageTest"/>
</testsuite> <!-- com.Tests.WelcomePageTest -->
