<?xml version="1.0" encoding="UTF-8"?>
<!-- Generated by org.testng.reporters.JUnitReportReporter -->
<testsuite skipped="0" hostname="LAPTOP-OAS5Q4RE" name="com.Tests.PaymentTest" tests="8" failures="0" timestamp="17 Mar 2021 18:47:45 GMT" time="5.574" errors="0">
  <testcase name="billingAddress" time="0.942" classname="com.Tests.PaymentTest"/>
  <testcase name="shippingAddress" time="0.788" classname="com.Tests.PaymentTest"/>
  <testcase name="shippingmethod" time="0.617" classname="com.Tests.PaymentTest"/>
  <testcase name="paymentmethod" time="0.453" classname="com.Tests.PaymentTest"/>
  <testcase name="paymentinfo" time="0.310" classname="com.Tests.PaymentTest"/>
  <testcase name="confirm" time="0.328" classname="com.Tests.PaymentTest"/>
  <testcase name="logoutMethod" time="1.281" classname="com.Tests.PaymentTest"/>
  <testcase name="orderdetails" time="0.855" classname="com.Tests.PaymentTest"/>
</testsuite> <!-- com.Tests.PaymentTest -->
